"is_built_lib_bsonl" "true"
"built_lib_bsonl" "/Users/shakurra/work/ocsigen/bsonl/_build/./bsonl.cma"
"built_lib_bsonl" "/Users/shakurra/work/ocsigen/bsonl/_build/./bsonl.cmxa"
"built_lib_bsonl" "/Users/shakurra/work/ocsigen/bsonl/_build/./bsonl.a"
"built_lib_bsonl" "/Users/shakurra/work/ocsigen/bsonl/_build/./bsonl.cmxs"
"built_lib_bsonl" "/Users/shakurra/work/ocsigen/bsonl/_build/./bsonl.cmi"
"built_lib_bsonl" "/Users/shakurra/work/ocsigen/bsonl/_build/./bsonl.cmx"
"is_built_lib_bsonl" "true"
"built_lib_bsonl" "/Users/shakurra/work/ocsigen/bsonl/_build/./bsonl.cma"
"built_lib_bsonl" "/Users/shakurra/work/ocsigen/bsonl/_build/./bsonl.cmxa"
"built_lib_bsonl" "/Users/shakurra/work/ocsigen/bsonl/_build/./bsonl.a"
"built_lib_bsonl" "/Users/shakurra/work/ocsigen/bsonl/_build/./bsonl.cmxs"
"built_lib_bsonl" "/Users/shakurra/work/ocsigen/bsonl/_build/./bsonl.cmi"
"built_lib_bsonl" "/Users/shakurra/work/ocsigen/bsonl/_build/./bsonl.cmx"
"is_built_doc_bsonl" "true"
"built_doc_bsonl" "/Users/shakurra/work/ocsigen/bsonl/_build/./bsonl.docdir/type_Bsonl.html"
"built_doc_bsonl" "/Users/shakurra/work/ocsigen/bsonl/_build/./bsonl.docdir/index_values.html"
"built_doc_bsonl" "/Users/shakurra/work/ocsigen/bsonl/_build/./bsonl.docdir/index_types.html"
"built_doc_bsonl" "/Users/shakurra/work/ocsigen/bsonl/_build/./bsonl.docdir/index_modules.html"
"built_doc_bsonl" "/Users/shakurra/work/ocsigen/bsonl/_build/./bsonl.docdir/index_module_types.html"
"built_doc_bsonl" "/Users/shakurra/work/ocsigen/bsonl/_build/./bsonl.docdir/index_methods.html"
"built_doc_bsonl" "/Users/shakurra/work/ocsigen/bsonl/_build/./bsonl.docdir/index_exceptions.html"
"built_doc_bsonl" "/Users/shakurra/work/ocsigen/bsonl/_build/./bsonl.docdir/index_classes.html"
"built_doc_bsonl" "/Users/shakurra/work/ocsigen/bsonl/_build/./bsonl.docdir/index_class_types.html"
"built_doc_bsonl" "/Users/shakurra/work/ocsigen/bsonl/_build/./bsonl.docdir/index_attributes.html"
"built_doc_bsonl" "/Users/shakurra/work/ocsigen/bsonl/_build/./bsonl.docdir/index.html"
"built_doc_bsonl" "/Users/shakurra/work/ocsigen/bsonl/_build/./bsonl.docdir/Bsonl.html"
"is_built_doc_bsonl" "true"
"built_doc_bsonl" "/Users/shakurra/work/ocsigen/bsonl/_build/./bsonl.docdir/style.css"
